TN:
SF:src/adapters.ts
FN:16,(anonymous_0)
FN:19,(anonymous_1)
FN:31,(anonymous_2)
FN:36,(anonymous_3)
FN:39,(anonymous_4)
FN:63,(anonymous_5)
FN:79,(anonymous_6)
FN:82,(anonymous_7)
FN:105,(anonymous_8)
FN:128,(anonymous_9)
FN:131,(anonymous_10)
FN:134,(anonymous_11)
FN:137,(anonymous_12)
FN:142,(anonymous_13)
FN:150,(anonymous_14)
FN:162,(anonymous_15)
FN:179,(anonymous_16)
FN:194,(anonymous_17)
FN:211,(anonymous_18)
FN:223,(anonymous_19)
FN:239,(anonymous_20)
FN:242,(anonymous_21)
FN:247,(anonymous_22)
FN:253,(anonymous_23)
FN:256,(anonymous_24)
FN:274,(anonymous_25)
FN:284,(anonymous_26)
FN:287,(anonymous_27)
FN:302,(anonymous_28)
FN:311,(anonymous_29)
FN:314,(anonymous_30)
FN:317,(anonymous_31)
FN:320,(anonymous_32)
FN:325,(anonymous_33)
FN:333,(anonymous_34)
FN:345,(anonymous_35)
FN:357,(anonymous_36)
FN:364,(anonymous_37)
FN:371,(anonymous_38)
FN:381,(anonymous_39)
FN:397,(anonymous_40)
FN:411,(anonymous_41)
FN:426,(anonymous_42)
FN:433,(anonymous_43)
FN:436,(anonymous_44)
FN:472,(anonymous_45)
FN:518,(anonymous_46)
FN:540,(anonymous_47)
FN:543,(anonymous_48)
FN:595,(anonymous_49)
FN:649,(anonymous_50)
FN:659,(anonymous_51)
FN:675,(anonymous_52)
FN:691,(anonymous_53)
FN:704,(anonymous_54)
FN:712,(anonymous_55)
FN:721,(anonymous_56)
FN:723,(anonymous_57)
FN:766,(anonymous_58)
FN:780,(anonymous_59)
FN:794,(anonymous_60)
FN:797,(anonymous_61)
FN:798,(anonymous_62)
FN:840,(anonymous_63)
FN:871,(anonymous_64)
FN:904,(anonymous_65)
FN:932,(anonymous_66)
FN:952,(anonymous_67)
FN:956,(anonymous_68)
FN:959,(anonymous_69)
FN:973,(anonymous_70)
FN:986,(anonymous_71)
FN:1010,(anonymous_72)
FN:1020,(anonymous_73)
FN:1054,(anonymous_74)
FN:1076,(anonymous_75)
FN:1089,createStorageAdapter
FNF:77
FNH:11
FNDA:0,(anonymous_0)
FNDA:0,(anonymous_1)
FNDA:0,(anonymous_2)
FNDA:0,(anonymous_3)
FNDA:0,(anonymous_4)
FNDA:0,(anonymous_5)
FNDA:0,(anonymous_6)
FNDA:0,(anonymous_7)
FNDA:0,(anonymous_8)
FNDA:0,(anonymous_9)
FNDA:0,(anonymous_10)
FNDA:0,(anonymous_11)
FNDA:0,(anonymous_12)
FNDA:0,(anonymous_13)
FNDA:0,(anonymous_14)
FNDA:0,(anonymous_15)
FNDA:0,(anonymous_16)
FNDA:0,(anonymous_17)
FNDA:0,(anonymous_18)
FNDA:0,(anonymous_19)
FNDA:0,(anonymous_20)
FNDA:0,(anonymous_21)
FNDA:0,(anonymous_22)
FNDA:0,(anonymous_23)
FNDA:0,(anonymous_24)
FNDA:0,(anonymous_25)
FNDA:0,(anonymous_26)
FNDA:0,(anonymous_27)
FNDA:0,(anonymous_28)
FNDA:0,(anonymous_29)
FNDA:0,(anonymous_30)
FNDA:0,(anonymous_31)
FNDA:0,(anonymous_32)
FNDA:0,(anonymous_33)
FNDA:0,(anonymous_34)
FNDA:0,(anonymous_35)
FNDA:0,(anonymous_36)
FNDA:0,(anonymous_37)
FNDA:0,(anonymous_38)
FNDA:0,(anonymous_39)
FNDA:9,(anonymous_40)
FNDA:9,(anonymous_41)
FNDA:0,(anonymous_42)
FNDA:0,(anonymous_43)
FNDA:8,(anonymous_44)
FNDA:17,(anonymous_45)
FNDA:3,(anonymous_46)
FNDA:0,(anonymous_47)
FNDA:0,(anonymous_48)
FNDA:4,(anonymous_49)
FNDA:15,(anonymous_50)
FNDA:1,(anonymous_51)
FNDA:16,(anonymous_52)
FNDA:0,(anonymous_53)
FNDA:0,(anonymous_54)
FNDA:0,(anonymous_55)
FNDA:17,(anonymous_56)
FNDA:34,(anonymous_57)
FNDA:0,(anonymous_58)
FNDA:0,(anonymous_59)
FNDA:0,(anonymous_60)
FNDA:0,(anonymous_61)
FNDA:0,(anonymous_62)
FNDA:0,(anonymous_63)
FNDA:0,(anonymous_64)
FNDA:0,(anonymous_65)
FNDA:0,(anonymous_66)
FNDA:0,(anonymous_67)
FNDA:0,(anonymous_68)
FNDA:0,(anonymous_69)
FNDA:0,(anonymous_70)
FNDA:0,(anonymous_71)
FNDA:0,(anonymous_72)
FNDA:0,(anonymous_73)
FNDA:0,(anonymous_74)
FNDA:0,(anonymous_75)
FNDA:0,createStorageAdapter
DA:15,0
DA:17,0
DA:20,0
DA:22,0
DA:23,0
DA:24,0
DA:27,0
DA:28,0
DA:33,0
DA:34,0
DA:37,0
DA:40,0
DA:41,0
DA:43,0
DA:44,0
DA:54,0
DA:55,0
DA:56,0
DA:59,0
DA:60,0
DA:64,0
DA:65,0
DA:67,0
DA:68,0
DA:69,0
DA:72,0
DA:73,0
DA:75,0
DA:76,0
DA:80,0
DA:83,0
DA:84,0
DA:87,0
DA:89,0
DA:96,0
DA:97,0
DA:98,0
DA:101,0
DA:102,0
DA:106,0
DA:107,0
DA:109,0
DA:110,0
DA:111,0
DA:112,0
DA:113,0
DA:114,0
DA:115,0
DA:116,0
DA:119,0
DA:125,0
DA:126,0
DA:127,0
DA:128,0
DA:130,0
DA:131,0
DA:133,0
DA:134,0
DA:135,0
DA:136,0
DA:137,0
DA:140,0
DA:141,0
DA:142,0
DA:147,0
DA:148,0
DA:149,0
DA:150,0
DA:151,0
DA:152,0
DA:153,0
DA:154,0
DA:155,0
DA:156,0
DA:157,0
DA:162,0
DA:163,0
DA:167,0
DA:168,0
DA:169,0
DA:172,0
DA:175,0
DA:176,0
DA:180,0
DA:181,0
DA:183,0
DA:184,0
DA:187,0
DA:188,0
DA:189,0
DA:195,0
DA:196,0
DA:198,0
DA:199,0
DA:200,0
DA:201,0
DA:202,0
DA:207,0
DA:208,0
DA:212,0
DA:213,0
DA:216,0
DA:219,0
DA:220,0
DA:224,0
DA:237,0
DA:238,0
DA:243,0
DA:244,0
DA:245,0
DA:248,0
DA:249,0
DA:250,0
DA:251,0
DA:254,0
DA:257,0
DA:258,0
DA:260,0
DA:261,0
DA:271,0
DA:272,0
DA:275,0
DA:276,0
DA:278,0
DA:279,0
DA:280,0
DA:282,0
DA:285,0
DA:288,0
DA:289,0
DA:291,0
DA:292,0
DA:299,0
DA:300,0
DA:303,0
DA:304,0
DA:307,0
DA:309,0
DA:310,0
DA:311,0
DA:313,0
DA:314,0
DA:316,0
DA:317,0
DA:318,0
DA:319,0
DA:320,0
DA:323,0
DA:324,0
DA:325,0
DA:330,0
DA:331,0
DA:332,0
DA:333,0
DA:334,0
DA:335,0
DA:336,0
DA:337,0
DA:338,0
DA:339,0
DA:340,0
DA:345,0
DA:346,0
DA:350,0
DA:351,0
DA:352,0
DA:355,0
DA:358,0
DA:359,0
DA:361,0
DA:362,0
DA:365,0
DA:366,0
DA:368,0
DA:369,0
DA:372,0
DA:373,0
DA:376,0
DA:377,0
DA:378,0
DA:382,0
DA:396,9
DA:399,9
DA:409,9
DA:412,9
DA:414,9
DA:415,8
DA:417,8
DA:418,8
DA:419,8
DA:422,1
DA:423,1
DA:427,0
DA:428,0
DA:429,0
DA:430,0
DA:434,0
DA:437,8
DA:438,8
DA:439,8
DA:441,8
DA:458,8
DA:461,8
DA:464,0
DA:465,0
DA:466,0
DA:469,8
DA:473,17
DA:474,0
DA:476,17
DA:477,17
DA:487,17
DA:488,17
DA:489,17
DA:508,16
DA:511,1
DA:512,1
DA:515,17
DA:519,3
DA:520,0
DA:522,3
DA:523,3
DA:524,3
DA:527,3
DA:528,1
DA:530,2
DA:533,1
DA:534,1
DA:537,3
DA:541,0
DA:544,0
DA:545,0
DA:548,0
DA:550,0
DA:557,0
DA:558,0
DA:559,0
DA:585,0
DA:588,0
DA:589,0
DA:592,0
DA:596,4
DA:597,0
DA:599,4
DA:600,4
DA:601,4
DA:602,4
DA:603,4
DA:605,4
DA:606,2
DA:607,0
DA:608,0
DA:610,2
DA:611,0
DA:612,0
DA:614,2
DA:615,1
DA:616,1
DA:618,2
DA:619,1
DA:624,1
DA:627,4
DA:628,2
DA:631,4
DA:632,0
DA:633,0
DA:634,0
DA:637,4
DA:640,4
DA:641,0
DA:642,0
DA:643,0
DA:644,0
DA:645,0
DA:648,4
DA:649,15
DA:652,0
DA:653,0
DA:656,4
DA:660,1
DA:661,0
DA:663,1
DA:664,1
DA:665,1
DA:668,0
DA:669,0
DA:672,1
DA:676,16
DA:677,0
DA:679,16
DA:680,16
DA:681,16
DA:684,0
DA:685,0
DA:688,16
DA:692,0
DA:693,0
DA:696,0
DA:697,0
DA:700,0
DA:701,0
DA:705,0
DA:713,0
DA:719,0
DA:723,17
DA:724,34
DA:725,34
DA:726,0
DA:727,0
DA:730,0
DA:731,0
DA:734,17
DA:767,0
DA:768,0
DA:769,0
DA:770,0
DA:771,0
DA:772,0
DA:773,0
DA:774,0
DA:775,0
DA:776,0
DA:777,0
DA:778,0
DA:781,0
DA:783,0
DA:785,0
DA:787,0
DA:789,0
DA:791,0
DA:796,0
DA:797,0
DA:798,0
DA:800,0
DA:801,0
DA:802,0
DA:805,0
DA:806,0
DA:809,0
DA:811,0
DA:813,0
DA:815,0
DA:816,0
DA:817,0
DA:818,0
DA:819,0
DA:822,0
DA:823,0
DA:824,0
DA:826,0
DA:827,0
DA:829,0
DA:830,0
DA:832,0
DA:833,0
DA:838,0
DA:841,0
DA:858,0
DA:859,0
DA:862,0
DA:863,0
DA:869,0
DA:872,0
DA:873,0
DA:874,0
DA:876,0
DA:877,0
DA:880,0
DA:881,0
DA:882,0
DA:883,0
DA:885,0
DA:887,0
DA:888,0
DA:890,0
DA:891,0
DA:893,0
DA:894,0
DA:896,0
DA:898,0
DA:902,0
DA:905,0
DA:906,0
DA:908,0
DA:909,0
DA:910,0
DA:912,0
DA:914,0
DA:915,0
DA:917,0
DA:918,0
DA:920,0
DA:921,0
DA:923,0
DA:924,0
DA:926,0
DA:928,0
DA:930,0
DA:933,0
DA:935,0
DA:937,0
DA:938,0
DA:940,0
DA:941,0
DA:943,0
DA:944,0
DA:946,0
DA:947,0
DA:949,0
DA:951,0
DA:952,0
DA:954,0
DA:957,0
DA:960,0
DA:962,0
DA:964,0
DA:965,0
DA:966,0
DA:975,0
DA:976,0
DA:984,0
DA:987,0
DA:989,0
DA:990,0
DA:991,0
DA:994,0
DA:997,0
DA:999,0
DA:1000,0
DA:1001,0
DA:1004,0
DA:1007,0
DA:1012,0
DA:1013,0
DA:1015,0
DA:1016,0
DA:1018,0
DA:1019,0
DA:1020,0
DA:1022,0
DA:1023,0
DA:1025,0
DA:1029,0
DA:1030,0
DA:1031,0
DA:1032,0
DA:1033,0
DA:1034,0
DA:1035,0
DA:1036,0
DA:1037,0
DA:1038,0
DA:1039,0
DA:1040,0
DA:1045,0
DA:1056,0
DA:1058,0
DA:1059,0
DA:1061,0
DA:1078,0
DA:1090,0
DA:1092,0
DA:1093,0
DA:1095,0
DA:1096,0
DA:1098,0
DA:1099,0
DA:1101,0
DA:1102,0
DA:1104,0
LF:470
LH:75
BRDA:40,0,0,0
BRDA:40,0,1,0
BRDA:45,1,0,0
BRDA:45,1,1,0
BRDA:45,2,0,0
BRDA:45,2,1,0
BRDA:46,3,0,0
BRDA:46,3,1,0
BRDA:47,4,0,0
BRDA:47,4,1,0
BRDA:48,5,0,0
BRDA:48,5,1,0
BRDA:64,6,0,0
BRDA:64,6,1,0
BRDA:72,7,0,0
BRDA:72,7,1,0
BRDA:83,8,0,0
BRDA:83,8,1,0
BRDA:94,9,0,0
BRDA:94,9,1,0
BRDA:106,10,0,0
BRDA:106,10,1,0
BRDA:113,11,0,0
BRDA:113,11,1,0
BRDA:126,12,0,0
BRDA:126,12,1,0
BRDA:127,13,0,0
BRDA:127,13,1,0
BRDA:130,14,0,0
BRDA:130,14,1,0
BRDA:133,15,0,0
BRDA:133,15,1,0
BRDA:133,16,0,0
BRDA:133,16,1,0
BRDA:135,17,0,0
BRDA:135,17,1,0
BRDA:140,18,0,0
BRDA:140,18,1,0
BRDA:142,19,0,0
BRDA:142,19,1,0
BRDA:142,19,2,0
BRDA:142,19,3,0
BRDA:147,20,0,0
BRDA:147,20,1,0
BRDA:149,21,0,0
BRDA:149,21,1,0
BRDA:153,22,0,0
BRDA:153,22,1,0
BRDA:155,23,0,0
BRDA:155,23,1,0
BRDA:167,24,0,0
BRDA:167,24,1,0
BRDA:168,25,0,0
BRDA:168,25,1,0
BRDA:180,26,0,0
BRDA:180,26,1,0
BRDA:187,27,0,0
BRDA:187,27,1,0
BRDA:195,28,0,0
BRDA:195,28,1,0
BRDA:201,29,0,0
BRDA:201,29,1,0
BRDA:212,30,0,0
BRDA:212,30,1,0
BRDA:257,31,0,0
BRDA:257,31,1,0
BRDA:262,32,0,0
BRDA:262,32,1,0
BRDA:262,33,0,0
BRDA:262,33,1,0
BRDA:263,34,0,0
BRDA:263,34,1,0
BRDA:264,35,0,0
BRDA:264,35,1,0
BRDA:265,36,0,0
BRDA:265,36,1,0
BRDA:275,37,0,0
BRDA:275,37,1,0
BRDA:279,38,0,0
BRDA:279,38,1,0
BRDA:288,39,0,0
BRDA:288,39,1,0
BRDA:297,40,0,0
BRDA:297,40,1,0
BRDA:303,41,0,0
BRDA:303,41,1,0
BRDA:309,42,0,0
BRDA:309,42,1,0
BRDA:310,43,0,0
BRDA:310,43,1,0
BRDA:313,44,0,0
BRDA:313,44,1,0
BRDA:316,45,0,0
BRDA:316,45,1,0
BRDA:316,46,0,0
BRDA:316,46,1,0
BRDA:318,47,0,0
BRDA:318,47,1,0
BRDA:323,48,0,0
BRDA:323,48,1,0
BRDA:325,49,0,0
BRDA:325,49,1,0
BRDA:325,49,2,0
BRDA:325,49,3,0
BRDA:330,50,0,0
BRDA:330,50,1,0
BRDA:332,51,0,0
BRDA:332,51,1,0
BRDA:336,52,0,0
BRDA:336,52,1,0
BRDA:338,53,0,0
BRDA:338,53,1,0
BRDA:350,54,0,0
BRDA:350,54,1,0
BRDA:351,55,0,0
BRDA:351,55,1,0
BRDA:358,56,0,0
BRDA:358,56,1,0
BRDA:365,57,0,0
BRDA:365,57,1,0
BRDA:372,58,0,0
BRDA:372,58,1,0
BRDA:399,59,0,0
BRDA:399,59,1,9
BRDA:407,60,0,0
BRDA:407,60,1,9
BRDA:427,61,0,0
BRDA:427,61,1,0
BRDA:473,62,0,0
BRDA:473,62,1,17
BRDA:478,63,0,17
BRDA:478,63,1,0
BRDA:478,64,0,0
BRDA:478,64,1,0
BRDA:479,65,0,17
BRDA:479,65,1,0
BRDA:480,66,0,17
BRDA:480,66,1,0
BRDA:481,67,0,17
BRDA:481,67,1,17
BRDA:497,68,0,17
BRDA:497,68,1,0
BRDA:499,69,0,17
BRDA:499,69,1,17
BRDA:500,70,0,0
BRDA:500,70,1,17
BRDA:501,71,0,3
BRDA:501,71,1,14
BRDA:501,72,0,3
BRDA:501,72,1,0
BRDA:502,73,0,17
BRDA:502,73,1,17
BRDA:505,74,0,17
BRDA:505,74,1,0
BRDA:506,75,0,0
BRDA:506,75,1,17
BRDA:519,76,0,0
BRDA:519,76,1,3
BRDA:527,77,0,1
BRDA:527,77,1,2
BRDA:544,78,0,0
BRDA:544,78,1,0
BRDA:555,79,0,0
BRDA:555,79,1,0
BRDA:574,80,0,0
BRDA:574,80,1,0
BRDA:576,81,0,0
BRDA:576,81,1,0
BRDA:577,82,0,0
BRDA:577,82,1,0
BRDA:578,83,0,0
BRDA:578,83,1,0
BRDA:579,84,0,0
BRDA:579,84,1,0
BRDA:582,85,0,0
BRDA:582,85,1,0
BRDA:596,86,0,0
BRDA:596,86,1,4
BRDA:605,87,0,2
BRDA:605,87,1,2
BRDA:606,88,0,0
BRDA:606,88,1,2
BRDA:610,89,0,0
BRDA:610,89,1,2
BRDA:614,90,0,1
BRDA:614,90,1,1
BRDA:614,91,0,2
BRDA:614,91,1,1
BRDA:618,92,0,1
BRDA:618,92,1,1
BRDA:627,93,0,2
BRDA:627,93,1,2
BRDA:631,94,0,0
BRDA:631,94,1,4
BRDA:633,95,0,0
BRDA:633,95,1,0
BRDA:640,96,0,0
BRDA:640,96,1,4
BRDA:643,97,0,0
BRDA:643,97,1,0
BRDA:660,98,0,0
BRDA:660,98,1,1
BRDA:676,99,0,0
BRDA:676,99,1,16
BRDA:692,100,0,0
BRDA:692,100,1,0
BRDA:719,101,0,0
BRDA:719,101,1,0
BRDA:724,102,0,34
BRDA:724,102,1,0
BRDA:741,103,0,17
BRDA:741,103,1,12
BRDA:777,104,0,0
BRDA:777,104,1,0
BRDA:778,105,0,0
BRDA:778,105,1,0
BRDA:781,106,0,0
BRDA:781,106,1,0
BRDA:781,106,2,0
BRDA:781,106,3,0
BRDA:781,106,4,0
BRDA:796,107,0,0
BRDA:796,107,1,0
BRDA:796,107,2,0
BRDA:801,108,0,0
BRDA:801,108,1,0
BRDA:805,109,0,0
BRDA:805,109,1,0
BRDA:815,110,0,0
BRDA:815,110,1,0
BRDA:815,111,0,0
BRDA:815,111,1,0
BRDA:815,111,2,0
BRDA:815,111,3,0
BRDA:818,112,0,0
BRDA:818,112,1,0
BRDA:822,113,0,0
BRDA:822,113,1,0
BRDA:823,114,0,0
BRDA:823,114,1,0
BRDA:826,115,0,0
BRDA:826,115,1,0
BRDA:829,116,0,0
BRDA:829,116,1,0
BRDA:832,117,0,0
BRDA:832,117,1,0
BRDA:832,118,0,0
BRDA:832,118,1,0
BRDA:846,119,0,0
BRDA:846,119,1,0
BRDA:858,120,0,0
BRDA:858,120,1,0
BRDA:862,121,0,0
BRDA:862,121,1,0
BRDA:865,122,0,0
BRDA:865,122,1,0
BRDA:866,123,0,0
BRDA:866,123,1,0
BRDA:872,124,0,0
BRDA:872,124,1,0
BRDA:874,125,0,0
BRDA:874,125,1,0
BRDA:874,126,0,0
BRDA:874,126,1,0
BRDA:874,126,2,0
BRDA:876,127,0,0
BRDA:876,127,1,0
BRDA:880,128,0,0
BRDA:880,128,1,0
BRDA:885,129,0,0
BRDA:885,129,1,0
BRDA:885,129,2,0
BRDA:885,129,3,0
BRDA:905,130,0,0
BRDA:905,130,1,0
BRDA:909,131,0,0
BRDA:909,131,1,0
BRDA:912,132,0,0
BRDA:912,132,1,0
BRDA:912,132,2,0
BRDA:912,132,3,0
BRDA:912,132,4,0
BRDA:933,133,0,0
BRDA:933,133,1,0
BRDA:935,134,0,0
BRDA:935,134,1,0
BRDA:935,134,2,0
BRDA:935,134,3,0
BRDA:935,134,4,0
BRDA:965,135,0,0
BRDA:965,135,1,0
BRDA:977,136,0,0
BRDA:977,136,1,0
BRDA:977,137,0,0
BRDA:977,137,1,0
BRDA:978,138,0,0
BRDA:978,138,1,0
BRDA:979,139,0,0
BRDA:979,139,1,0
BRDA:980,140,0,0
BRDA:980,140,1,0
BRDA:981,141,0,0
BRDA:981,141,1,0
BRDA:987,142,0,0
BRDA:987,142,1,0
BRDA:987,142,2,0
BRDA:987,142,3,0
BRDA:1013,143,0,0
BRDA:1013,143,1,0
BRDA:1016,144,0,0
BRDA:1016,144,1,0
BRDA:1019,145,0,0
BRDA:1019,145,1,0
BRDA:1023,146,0,0
BRDA:1023,146,1,0
BRDA:1032,147,0,0
BRDA:1032,147,1,0
BRDA:1039,148,0,0
BRDA:1039,148,1,0
BRDA:1058,149,0,0
BRDA:1058,149,1,0
BRDA:1078,150,0,0
BRDA:1078,150,1,0
BRDA:1090,151,0,0
BRDA:1090,151,1,0
BRDA:1090,151,2,0
BRDA:1090,151,3,0
BRDA:1095,152,0,0
BRDA:1095,152,1,0
BRF:329
BRH:42
end_of_record
TN:
SF:src/http-server.ts
FN:6,startHttpServer
FN:8,(anonymous_1)
FN:44,(anonymous_2)
FN:48,(anonymous_3)
FNF:4
FNH:0
FNDA:0,startHttpServer
FNDA:0,(anonymous_1)
FNDA:0,(anonymous_2)
FNDA:0,(anonymous_3)
DA:8,0
DA:10,0
DA:11,0
DA:13,0
DA:14,0
DA:15,0
DA:17,0
DA:18,0
DA:19,0
DA:20,0
DA:25,0
DA:28,0
DA:29,0
DA:30,0
DA:31,0
DA:36,0
DA:39,0
DA:40,0
DA:41,0
DA:44,0
DA:45,0
DA:48,0
DA:49,0
LF:23
LH:0
BRDA:13,0,0,0
BRDA:13,0,1,0
BRDA:17,1,0,0
BRDA:17,1,1,0
BRDA:28,2,0,0
BRDA:28,2,1,0
BRF:6
BRH:0
end_of_record
TN:
SF:src/index.ts
FN:81,initializeDefaultPrompts
FN:100,applyTemplate
FN:101,(anonymous_2)
FN:106,main
FN:144,(anonymous_4)
FN:153,(anonymous_5)
FN:158,(anonymous_6)
FN:168,(anonymous_7)
FN:266,(anonymous_8)
FN:282,(anonymous_9)
FN:305,(anonymous_10)
FN:333,(anonymous_11)
FN:345,(anonymous_12)
FN:363,(anonymous_13)
FN:403,(anonymous_14)
FNF:15
FNH:0
FNDA:0,initializeDefaultPrompts
FNDA:0,applyTemplate
FNDA:0,(anonymous_2)
FNDA:0,main
FNDA:0,(anonymous_4)
FNDA:0,(anonymous_5)
FNDA:0,(anonymous_6)
FNDA:0,(anonymous_7)
FNDA:0,(anonymous_8)
FNDA:0,(anonymous_9)
FNDA:0,(anonymous_10)
FNDA:0,(anonymous_11)
FNDA:0,(anonymous_12)
FNDA:0,(anonymous_13)
FNDA:0,(anonymous_14)
DA:11,0
DA:12,0
DA:14,0
DA:46,0
DA:82,0
DA:83,0
DA:84,0
DA:85,0
DA:86,0
DA:87,0
DA:89,0
DA:92,0
DA:96,0
DA:101,0
DA:102,0
DA:107,0
DA:108,0
DA:109,0
DA:111,0
DA:112,0
DA:114,0
DA:116,0
DA:127,0
DA:144,0
DA:145,0
DA:153,0
DA:154,0
DA:155,0
DA:158,0
DA:168,0
DA:169,0
DA:259,0
DA:267,0
DA:275,0
DA:280,0
DA:283,0
DA:284,0
DA:285,0
DA:291,0
DA:297,0
DA:306,0
DA:307,0
DA:315,0
DA:321,0
DA:327,0
DA:334,0
DA:335,0
DA:343,0
DA:346,0
DA:347,0
DA:348,0
DA:354,0
DA:360,0
DA:364,0
DA:365,0
DA:366,0
DA:367,0
DA:372,0
DA:373,0
DA:383,0
DA:390,0
DA:391,0
DA:394,0
DA:395,0
DA:396,0
DA:399,0
DA:403,0
DA:404,0
DA:405,0
LF:69
LH:0
BRDA:18,0,0,0
BRDA:18,0,1,0
BRDA:19,1,0,0
BRDA:19,1,1,0
BRDA:20,2,0,0
BRDA:20,2,1,0
BRDA:21,3,0,0
BRDA:21,3,1,0
BRDA:23,4,0,0
BRDA:23,4,1,0
BRDA:24,5,0,0
BRDA:24,5,1,0
BRDA:35,6,0,0
BRDA:35,6,1,0
BRDA:36,7,0,0
BRDA:36,7,1,0
BRDA:37,8,0,0
BRDA:37,8,1,0
BRDA:38,9,0,0
BRDA:38,9,1,0
BRDA:39,10,0,0
BRDA:39,10,1,0
BRDA:85,11,0,0
BRDA:85,11,1,0
BRDA:102,12,0,0
BRDA:102,12,1,0
BRDA:161,13,0,0
BRDA:161,13,1,0
BRDA:162,14,0,0
BRDA:162,14,1,0
BRDA:271,15,0,0
BRDA:271,15,1,0
BRDA:272,16,0,0
BRDA:272,16,1,0
BRDA:273,17,0,0
BRDA:273,17,1,0
BRDA:366,18,0,0
BRDA:366,18,1,0
BRDA:390,19,0,0
BRDA:390,19,1,0
BRF:40
BRH:0
end_of_record
TN:
SF:src/interfaces.ts
FN:9,(anonymous_0)
FNF:1
FNH:1
FNDA:1,(anonymous_0)
DA:9,1
DA:11,1
DA:13,1
DA:15,1
DA:17,1
LF:5
LH:5
BRDA:18,0,0,1
BRDA:18,0,1,1
BRF:2
BRH:2
end_of_record
